Step 0

 [0.2 0.2]
 [0.2 0.2]
 [0.2 0. ]



Step 1

 [0.08823529 0.08823529]
 [0.08823529 0.08823529]
 [0.64705882 0.        ]



Step 2

 [0.02094241 0.02094241]
 [0.05410122 0.02094241]
 [0.88307155 0.        ]



Step 3

 [0.00553612 0.00396618]
 [0.0463547  0.00553612]
 [0.93860688 0.        ]



Step 4

 [2.77456561e-03 8.58883029e-04]
 [4.50141840e-02 2.77456561e-03]
 [9.48577802e-01 0.00000000e+00]



Step 5

 [2.30509420e-03 3.25751977e-04]
 [4.47883301e-02 2.30509420e-03]
 [9.50275730e-01 0.00000000e+00]



Step 6

 [2.22590523e-03 2.35539474e-04]
 [4.47503827e-02 2.22590523e-03]
 [9.50562267e-01 0.00000000e+00]



Step 7

 [2.21256295e-03 2.20321648e-04]
 [4.47439979e-02 2.21256295e-03]
 [9.50610555e-01 0.00000000e+00]



Step 8

 [2.21031512e-03 2.17756712e-04]
 [4.47429228e-02 2.21031512e-03]
 [9.50618690e-01 0.00000000e+00]



Step 9

 [2.20993641e-03 2.17324506e-04]
 [4.47427417e-02 2.20993641e-03]
 [9.50620061e-01 0.00000000e+00]



Step 10

 [2.20987261e-03 2.17251683e-04]
 [4.47427112e-02 2.20987261e-03]
 [9.50620292e-01 0.00000000e+00]



Step 11

 [2.20986186e-03 2.17239413e-04]
 [4.47427060e-02 2.20986186e-03]
 [9.50620331e-01 0.00000000e+00]



Step 12

 [2.20986005e-03 2.17237346e-04]
 [4.47427052e-02 2.20986005e-03]
 [9.50620337e-01 0.00000000e+00]



Step 13

 [2.20985974e-03 2.17236997e-04]
 [4.47427050e-02 2.20985974e-03]
 [9.50620339e-01 0.00000000e+00]



Step 14

 [2.20985969e-03 2.17236939e-04]
 [4.47427050e-02 2.20985969e-03]
 [9.50620339e-01 0.00000000e+00]



Step 15

 [2.20985968e-03 2.17236929e-04]
 [4.47427050e-02 2.20985968e-03]
 [9.50620339e-01 0.00000000e+00]



Step 16

 [2.20985968e-03 2.17236927e-04]
 [4.47427050e-02 2.20985968e-03]
 [9.50620339e-01 0.00000000e+00]



Step 17

 [2.20985968e-03 2.17236927e-04]
 [4.47427050e-02 2.20985968e-03]
 [9.50620339e-01 0.00000000e+00]



Step 18

 [2.20985968e-03 2.17236927e-04]
 [4.47427050e-02 2.20985968e-03]
 [9.50620339e-01 0.00000000e+00]



