Step 0

 [0.2 0.2]
 [0.2 0.2]
 [0.2 0. ]



Step 1

 [0.0466187  0.00245178]
 [0.04464877 0.00231983]
 [0.90396091 0.        ]



Step 2

 [3.53792826e-02 1.16195485e-03]
 [3.33189108e-02 4.16503911e-04]
 [9.29723348e-01 0.00000000e+00]



Step 3

 [2.64254874e-02 7.64920393e-04]
 [2.79018719e-02 1.63832397e-04]
 [9.44743888e-01 0.00000000e+00]



Step 4

 [2.00139287e-02 5.66588811e-04]
 [2.47718679e-02 1.11442243e-04]
 [9.54536172e-01 0.00000000e+00]



Step 5

 [1.55636556e-02 4.39569284e-04]
 [2.26775569e-02 9.09773695e-05]
 [9.61228241e-01 0.00000000e+00]



Step 6

 [1.25362879e-02 3.54548675e-04]
 [2.12626769e-02 7.90124906e-05]
 [9.65767474e-01 0.00000000e+00]



Step 7

 [1.05496759e-02 2.98933963e-04]
 [2.03353838e-02 7.13991153e-05]
 [9.68744607e-01 0.00000000e+00]



Step 8

 [9.35104174e-03 2.65400176e-04]
 [1.97760307e-02 6.68329076e-05]
 [9.70540695e-01 0.00000000e+00]



Step 9

 [8.78763530e-03 2.49640101e-04]
 [1.95131246e-02 6.46891459e-05]
 [9.71384911e-01 0.00000000e+00]



Step 10

 [8.78763530e-03 2.49640101e-04]
 [1.95131246e-02 6.46891459e-05]
 [9.71384911e-01 0.00000000e+00]



Step 11

 [9.35104174e-03 2.65400176e-04]
 [1.97760307e-02 6.68329076e-05]
 [9.70540695e-01 0.00000000e+00]



Step 12

 [1.05496759e-02 2.98933963e-04]
 [2.03353838e-02 7.13991153e-05]
 [9.68744607e-01 0.00000000e+00]



Step 13

 [1.25362879e-02 3.54548675e-04]
 [2.12626769e-02 7.90124906e-05]
 [9.65767474e-01 0.00000000e+00]



Step 14

 [1.55636556e-02 4.39569284e-04]
 [2.26775569e-02 9.09773695e-05]
 [9.61228241e-01 0.00000000e+00]



Step 15

 [2.00139287e-02 5.66588811e-04]
 [2.47718679e-02 1.11442243e-04]
 [9.54536172e-01 0.00000000e+00]



Step 16

 [2.64254874e-02 7.64920393e-04]
 [2.79018719e-02 1.63832397e-04]
 [9.44743888e-01 0.00000000e+00]



Step 17

 [3.53792826e-02 1.16195485e-03]
 [3.33189108e-02 4.16503911e-04]
 [9.29723348e-01 0.00000000e+00]



Step 18

 [0.0466187  0.00245178]
 [0.04464877 0.00231983]
 [0.90396091 0.        ]



