['./solve_sudoku.py', 'all_cells.cnf']
Iterations: 0, satisfied = 2309, out of 2997 
Iterations: 1, satisfied = 2312, out of 2997 
Iterations: 2, satisfied = 2314, out of 2997 
Iterations: 3, satisfied = 2316, out of 2997 
Iterations: 4, satisfied = 2320, out of 2997 
Iterations: 5, satisfied = 2322, out of 2997 
Iterations: 6, satisfied = 2326, out of 2997 
Iterations: 7, satisfied = 2330, out of 2997 
Iterations: 8, satisfied = 2333, out of 2997 
Iterations: 9, satisfied = 2338, out of 2997 
Iterations: 10, satisfied = 2344, out of 2997 
Iterations: 11, satisfied = 2348, out of 2997 
Iterations: 12, satisfied = 2354, out of 2997 
Iterations: 13, satisfied = 2356, out of 2997 
Iterations: 14, satisfied = 2361, out of 2997 
Iterations: 15, satisfied = 2365, out of 2997 
Iterations: 16, satisfied = 2369, out of 2997 
Iterations: 17, satisfied = 2374, out of 2997 
Iterations: 18, satisfied = 2378, out of 2997 
Iterations: 19, satisfied = 2381, out of 2997 
Iterations: 20, satisfied = 2385, out of 2997 
Iterations: 21, satisfied = 2388, out of 2997 
Iterations: 22, satisfied = 2392, out of 2997 
Iterations: 23, satisfied = 2396, out of 2997 
Iterations: 24, satisfied = 2399, out of 2997 
Iterations: 25, satisfied = 2404, out of 2997 
Iterations: 26, satisfied = 2406, out of 2997 
Iterations: 27, satisfied = 2410, out of 2997 
Iterations: 28, satisfied = 2414, out of 2997 
Iterations: 29, satisfied = 2418, out of 2997 
Iterations: 30, satisfied = 2423, out of 2997 
Iterations: 31, satisfied = 2427, out of 2997 
Iterations: 32, satisfied = 2430, out of 2997 
Iterations: 33, satisfied = 2434, out of 2997 
Iterations: 34, satisfied = 2439, out of 2997 
Iterations: 35, satisfied = 2443, out of 2997 
Iterations: 36, satisfied = 2448, out of 2997 
Iterations: 37, satisfied = 2451, out of 2997 
Iterations: 38, satisfied = 2455, out of 2997 
Iterations: 39, satisfied = 2459, out of 2997 
Iterations: 40, satisfied = 2462, out of 2997 
Iterations: 41, satisfied = 2465, out of 2997 
Iterations: 42, satisfied = 2470, out of 2997 
Iterations: 43, satisfied = 2474, out of 2997 
Iterations: 44, satisfied = 2475, out of 2997 
Iterations: 45, satisfied = 2478, out of 2997 
Iterations: 46, satisfied = 2482, out of 2997 
Iterations: 47, satisfied = 2486, out of 2997 
Iterations: 48, satisfied = 2490, out of 2997 
Iterations: 49, satisfied = 2493, out of 2997 
Iterations: 50, satisfied = 2497, out of 2997 
Iterations: 51, satisfied = 2500, out of 2997 
Iterations: 52, satisfied = 2503, out of 2997 
Iterations: 53, satisfied = 2506, out of 2997 
Iterations: 54, satisfied = 2509, out of 2997 
Iterations: 55, satisfied = 2512, out of 2997 
Iterations: 56, satisfied = 2516, out of 2997 
Iterations: 57, satisfied = 2520, out of 2997 
Iterations: 58, satisfied = 2525, out of 2997 
Iterations: 59, satisfied = 2528, out of 2997 
Iterations: 60, satisfied = 2530, out of 2997 
Iterations: 61, satisfied = 2534, out of 2997 
Iterations: 62, satisfied = 2538, out of 2997 
Iterations: 63, satisfied = 2542, out of 2997 
Iterations: 64, satisfied = 2545, out of 2997 
Iterations: 65, satisfied = 2548, out of 2997 
Iterations: 66, satisfied = 2552, out of 2997 
Iterations: 67, satisfied = 2556, out of 2997 
Iterations: 68, satisfied = 2558, out of 2997 
Iterations: 69, satisfied = 2562, out of 2997 
Iterations: 70, satisfied = 2567, out of 2997 
Iterations: 71, satisfied = 2572, out of 2997 
Iterations: 72, satisfied = 2574, out of 2997 
Iterations: 73, satisfied = 2577, out of 2997 
Iterations: 74, satisfied = 2581, out of 2997 
Iterations: 75, satisfied = 2584, out of 2997 
Iterations: 76, satisfied = 2588, out of 2997 
Iterations: 77, satisfied = 2592, out of 2997 
Iterations: 78, satisfied = 2595, out of 2997 
Iterations: 79, satisfied = 2599, out of 2997 
Iterations: 80, satisfied = 2602, out of 2997 
Iterations: 81, satisfied = 2605, out of 2997 
Iterations: 82, satisfied = 2609, out of 2997 
Iterations: 83, satisfied = 2612, out of 2997 
Iterations: 84, satisfied = 2615, out of 2997 
Iterations: 85, satisfied = 2618, out of 2997 
Iterations: 86, satisfied = 2622, out of 2997 
Iterations: 87, satisfied = 2624, out of 2997 
Iterations: 88, satisfied = 2627, out of 2997 
Iterations: 89, satisfied = 2630, out of 2997 
Iterations: 90, satisfied = 2632, out of 2997 
Iterations: 91, satisfied = 2636, out of 2997 
Iterations: 92, satisfied = 2639, out of 2997 
Iterations: 93, satisfied = 2641, out of 2997 
Iterations: 94, satisfied = 2644, out of 2997 
Iterations: 95, satisfied = 2649, out of 2997 
Iterations: 96, satisfied = 2651, out of 2997 
Iterations: 97, satisfied = 2655, out of 2997 
Iterations: 98, satisfied = 2659, out of 2997 
Iterations: 99, satisfied = 2661, out of 2997 
Iterations: 100, satisfied = 2663, out of 2997 
Iterations: 101, satisfied = 2667, out of 2997 
Iterations: 102, satisfied = 2668, out of 2997 
Iterations: 103, satisfied = 2672, out of 2997 
Iterations: 104, satisfied = 2674, out of 2997 
Iterations: 105, satisfied = 2679, out of 2997 
Iterations: 106, satisfied = 2683, out of 2997 
Iterations: 107, satisfied = 2684, out of 2997 
Iterations: 108, satisfied = 2688, out of 2997 
Iterations: 109, satisfied = 2690, out of 2997 
Iterations: 110, satisfied = 2694, out of 2997 
Iterations: 111, satisfied = 2697, out of 2997 
Iterations: 112, satisfied = 2699, out of 2997 
Iterations: 113, satisfied = 2701, out of 2997 
Iterations: 114, satisfied = 2704, out of 2997 
Iterations: 115, satisfied = 2707, out of 2997 
Iterations: 116, satisfied = 2710, out of 2997 
Iterations: 117, satisfied = 2713, out of 2997 
Iterations: 118, satisfied = 2717, out of 2997 
Iterations: 119, satisfied = 2720, out of 2997 
Iterations: 120, satisfied = 2722, out of 2997 
Iterations: 121, satisfied = 2725, out of 2997 
Iterations: 122, satisfied = 2728, out of 2997 
Iterations: 123, satisfied = 2731, out of 2997 
Iterations: 124, satisfied = 2734, out of 2997 
Iterations: 125, satisfied = 2735, out of 2997 
Iterations: 126, satisfied = 2737, out of 2997 
Iterations: 127, satisfied = 2739, out of 2997 
Iterations: 128, satisfied = 2741, out of 2997 
Iterations: 129, satisfied = 2743, out of 2997 
Iterations: 130, satisfied = 2745, out of 2997 
Iterations: 131, satisfied = 2747, out of 2997 
Iterations: 132, satisfied = 2749, out of 2997 
Iterations: 133, satisfied = 2752, out of 2997 
Iterations: 134, satisfied = 2755, out of 2997 
Iterations: 135, satisfied = 2759, out of 2997 
Iterations: 136, satisfied = 2760, out of 2997 
Iterations: 137, satisfied = 2762, out of 2997 
Iterations: 138, satisfied = 2764, out of 2997 
Iterations: 139, satisfied = 2767, out of 2997 
Iterations: 140, satisfied = 2770, out of 2997 
Iterations: 141, satisfied = 2772, out of 2997 
Iterations: 142, satisfied = 2773, out of 2997 
Iterations: 143, satisfied = 2775, out of 2997 
Iterations: 144, satisfied = 2776, out of 2997 
Iterations: 145, satisfied = 2778, out of 2997 
Iterations: 146, satisfied = 2780, out of 2997 
Iterations: 147, satisfied = 2783, out of 2997 
Iterations: 148, satisfied = 2786, out of 2997 
Iterations: 149, satisfied = 2788, out of 2997 
Iterations: 150, satisfied = 2789, out of 2997 
Iterations: 151, satisfied = 2790, out of 2997 
Iterations: 152, satisfied = 2793, out of 2997 
Iterations: 153, satisfied = 2794, out of 2997 
Iterations: 154, satisfied = 2795, out of 2997 
Iterations: 155, satisfied = 2797, out of 2997 
Iterations: 156, satisfied = 2799, out of 2997 
Iterations: 157, satisfied = 2802, out of 2997 
Iterations: 158, satisfied = 2806, out of 2997 
Iterations: 159, satisfied = 2808, out of 2997 
Iterations: 160, satisfied = 2810, out of 2997 
Iterations: 161, satisfied = 2811, out of 2997 
Iterations: 162, satisfied = 2814, out of 2997 
Iterations: 163, satisfied = 2817, out of 2997 
Iterations: 164, satisfied = 2819, out of 2997 
Iterations: 165, satisfied = 2822, out of 2997 
Iterations: 166, satisfied = 2823, out of 2997 
Iterations: 167, satisfied = 2826, out of 2997 
Iterations: 168, satisfied = 2829, out of 2997 
Iterations: 169, satisfied = 2831, out of 2997 
Iterations: 170, satisfied = 2835, out of 2997 
Iterations: 171, satisfied = 2838, out of 2997 
Iterations: 172, satisfied = 2840, out of 2997 
Iterations: 173, satisfied = 2842, out of 2997 
Iterations: 174, satisfied = 2843, out of 2997 
Iterations: 175, satisfied = 2845, out of 2997 
Iterations: 176, satisfied = 2847, out of 2997 
Iterations: 177, satisfied = 2848, out of 2997 
Iterations: 178, satisfied = 2850, out of 2997 
Iterations: 179, satisfied = 2852, out of 2997 
Iterations: 180, satisfied = 2855, out of 2997 
Iterations: 181, satisfied = 2857, out of 2997 
Iterations: 182, satisfied = 2859, out of 2997 
Iterations: 183, satisfied = 2860, out of 2997 
Iterations: 184, satisfied = 2861, out of 2997 
Iterations: 185, satisfied = 2862, out of 2997 
Iterations: 186, satisfied = 2863, out of 2997 
Iterations: 187, satisfied = 2865, out of 2997 
Iterations: 188, satisfied = 2867, out of 2997 
Iterations: 189, satisfied = 2869, out of 2997 
Iterations: 190, satisfied = 2871, out of 2997 
Iterations: 191, satisfied = 2872, out of 2997 
Iterations: 192, satisfied = 2875, out of 2997 
Iterations: 193, satisfied = 2878, out of 2997 
Iterations: 194, satisfied = 2880, out of 2997 
Iterations: 195, satisfied = 2882, out of 2997 
Iterations: 196, satisfied = 2884, out of 2997 
Iterations: 197, satisfied = 2886, out of 2997 
Iterations: 198, satisfied = 2888, out of 2997 
Iterations: 199, satisfied = 2890, out of 2997 
Iterations: 200, satisfied = 2891, out of 2997 
Iterations: 201, satisfied = 2892, out of 2997 
Iterations: 202, satisfied = 2894, out of 2997 
Iterations: 203, satisfied = 2896, out of 2997 
Iterations: 204, satisfied = 2898, out of 2997 
Iterations: 205, satisfied = 2901, out of 2997 
Iterations: 206, satisfied = 2902, out of 2997 
Iterations: 207, satisfied = 2904, out of 2997 
Iterations: 208, satisfied = 2906, out of 2997 
Iterations: 209, satisfied = 2908, out of 2997 
Iterations: 210, satisfied = 2911, out of 2997 
Iterations: 211, satisfied = 2913, out of 2997 
Iterations: 212, satisfied = 2915, out of 2997 
Iterations: 213, satisfied = 2917, out of 2997 
Iterations: 214, satisfied = 2918, out of 2997 
Iterations: 215, satisfied = 2920, out of 2997 
Iterations: 216, satisfied = 2922, out of 2997 
Iterations: 217, satisfied = 2923, out of 2997 
Iterations: 218, satisfied = 2925, out of 2997 
Iterations: 219, satisfied = 2926, out of 2997 
Iterations: 220, satisfied = 2927, out of 2997 
Iterations: 221, satisfied = 2928, out of 2997 
Iterations: 222, satisfied = 2929, out of 2997 
Iterations: 223, satisfied = 2930, out of 2997 
Iterations: 224, satisfied = 2931, out of 2997 
Iterations: 225, satisfied = 2932, out of 2997 
Iterations: 226, satisfied = 2933, out of 2997 
Iterations: 227, satisfied = 2935, out of 2997 
Iterations: 228, satisfied = 2936, out of 2997 
Iterations: 229, satisfied = 2937, out of 2997 
Iterations: 230, satisfied = 2938, out of 2997 
Iterations: 231, satisfied = 2939, out of 2997 
Iterations: 232, satisfied = 2940, out of 2997 
Iterations: 233, satisfied = 2942, out of 2997 
Iterations: 234, satisfied = 2944, out of 2997 
Iterations: 235, satisfied = 2945, out of 2997 
Iterations: 236, satisfied = 2946, out of 2997 
Iterations: 237, satisfied = 2947, out of 2997 
Iterations: 238, satisfied = 2950, out of 2997 
Iterations: 239, satisfied = 2951, out of 2997 
Iterations: 240, satisfied = 2952, out of 2997 
Iterations: 241, satisfied = 2953, out of 2997 
Iterations: 242, satisfied = 2954, out of 2997 
Iterations: 243, satisfied = 2955, out of 2997 
Iterations: 244, satisfied = 2956, out of 2997 
Iterations: 245, satisfied = 2957, out of 2997 
Iterations: 246, satisfied = 2958, out of 2997 
Iterations: 247, satisfied = 2959, out of 2997 
Iterations: 248, satisfied = 2960, out of 2997 
Iterations: 249, satisfied = 2962, out of 2997 
Iterations: 250, satisfied = 2964, out of 2997 
Iterations: 251, satisfied = 2965, out of 2997 
Iterations: 252, satisfied = 2967, out of 2997 
Iterations: 253, satisfied = 2968, out of 2997 
Iterations: 254, satisfied = 2970, out of 2997 
Iterations: 255, satisfied = 2971, out of 2997 
Iterations: 256, satisfied = 2972, out of 2997 
Iterations: 257, satisfied = 2973, out of 2997 
Iterations: 258, satisfied = 2974, out of 2997 
Iterations: 259, satisfied = 2975, out of 2997 
Iterations: 260, satisfied = 2976, out of 2997 
Iterations: 261, satisfied = 2977, out of 2997 
Iterations: 262, satisfied = 2978, out of 2997 
Iterations: 263, satisfied = 2979, out of 2997 
Iterations: 264, satisfied = 2980, out of 2997 
Iterations: 265, satisfied = 2981, out of 2997 
Iterations: 266, satisfied = 2982, out of 2997 
Iterations: 267, satisfied = 2983, out of 2997 
Iterations: 268, satisfied = 2984, out of 2997 
Iterations: 269, satisfied = 2985, out of 2997 
Iterations: 270, satisfied = 2986, out of 2997 
Iterations: 271, satisfied = 2987, out of 2997 
Iterations: 272, satisfied = 2988, out of 2997 
Iterations: 273, satisfied = 2989, out of 2997 
Iterations: 274, satisfied = 2990, out of 2997 
Iterations: 275, satisfied = 2991, out of 2997 
Iterations: 276, satisfied = 2992, out of 2997 
Iterations: 277, satisfied = 2993, out of 2997 
Iterations: 278, satisfied = 2994, out of 2997 
Iterations: 279, satisfied = 2995, out of 2997 
Iterations: 280, satisfied = 2996, out of 2997 
Iterations: 281, satisfied = 2997, out of 2997 
Loaded Sudoku solution from file: all_cells.sol 
7 5 7 | 3 6 9 | 4 2 6 
5 8 5 | 3 6 1 | 1 4 3 
3 8 4 | 2 7 9 | 7 8 9 
---------------------
1 4 7 | 6 1 9 | 2 7 5 
5 9 9 | 8 6 9 | 8 3 9 
3 1 4 | 6 5 9 | 3 4 5 
---------------------
7 8 7 | 3 7 9 | 4 7 5 
1 9 9 | 1 1 3 | 3 4 5 
8 4 3 | 3 6 9 | 4 9 3 

         4753373 function calls in 3.790 seconds

   Ordered by: cumulative time

   ncalls  tottime  percall  cumtime  percall filename:lineno(function)
        1    0.000    0.000    3.790    3.790 ./solve_sudoku.py:39(test_walksat)
        1    0.006    0.006    3.774    3.774 /workspace/personal/python/cs76/PA5/SAT.py:194(walksat)
      660    2.522    0.004    3.754    0.006 /workspace/personal/python/cs76/PA5/SAT.py:63(satisfied_clauses)
      189    0.003    0.000    2.106    0.011 /workspace/personal/python/cs76/PA5/SAT.py:129(walksat_highest_variable)
  2670481    0.716    0.000    0.716    0.000 /workspace/personal/python/cs76/PA5/TwoWayDict.py:39(__getitem__)
  1981298    0.500    0.000    0.500    0.000 {method 'split' of 'str' objects}
    78987    0.018    0.000    0.018    0.000 {method 'add' of 'set' objects}
        1    0.000    0.000    0.015    0.015 /workspace/personal/python/cs76/PA5/SAT.py:23(__init__)
        1    0.008    0.008    0.015    0.015 /workspace/personal/python/cs76/PA5/SAT.py:38(initialize)
     1291    0.002    0.000    0.004    0.000 /usr/local/lib/python3.7/random.py:224(_randbelow)
      562    0.001    0.000    0.003    0.000 /usr/local/lib/python3.7/random.py:256(choice)
        1    0.000    0.000    0.003    0.003 /workspace/personal/python/cs76/PA5/SAT.py:58(random_assign)
      729    0.000    0.000    0.003    0.000 /usr/local/lib/python3.7/random.py:218(randint)
      282    0.001    0.000    0.003    0.000 /workspace/personal/python/cs76/PA5/erratum.py:50(log_debug_info)
      729    0.001    0.000    0.002    0.000 /usr/local/lib/python3.7/random.py:174(randrange)
     6561    0.002    0.000    0.002    0.000 /workspace/personal/python/cs76/PA5/TwoWayDict.py:77(__contains__)
     3467    0.002    0.000    0.002    0.000 {method 'replace' of 'str' objects}
      285    0.002    0.000    0.002    0.000 {built-in method builtins.print}
     2469    0.001    0.000    0.001    0.000 {method 'getrandbits' of '_random.Random' objects}
        1    0.001    0.001    0.001    0.001 /workspace/personal/python/cs76/PA5/SAT.py:237(write_solution)
     1128    0.000    0.000    0.000    0.000 {built-in method builtins.len}
        1    0.000    0.000    0.000    0.000 /workspace/personal/python/cs76/PA5/display.py:4(display_sudoku_solution)
      729    0.000    0.000    0.000    0.000 /workspace/personal/python/cs76/PA5/TwoWayDict.py:35(__setitem__)
        1    0.000    0.000    0.000    0.000 /workspace/personal/python/cs76/PA5/Sudoku.py:65(read_solution)
     1291    0.000    0.000    0.000    0.000 {method 'bit_length' of 'int' objects}
        3    0.000    0.000    0.000    0.000 {built-in method io.open}
      281    0.000    0.000    0.000    0.000 {method 'random' of '_random.Random' objects}
      729    0.000    0.000    0.000    0.000 {method 'write' of '_io.TextIOWrapper' objects}
      729    0.000    0.000    0.000    0.000 /workspace/personal/python/cs76/PA5/TwoWayDict.py:45(get_key)
        3    0.000    0.000    0.000    0.000 {method 'close' of '_io.TextIOWrapper' objects}
      283    0.000    0.000    0.000    0.000 /workspace/personal/python/cs76/PA5/erratum.py:18(__text_color)
        1    0.000    0.000    0.000    0.000 /workspace/personal/python/cs76/PA5/Sudoku.py:101(__str__)
        8    0.000    0.000    0.000    0.000 /usr/local/lib/python3.7/codecs.py:319(decode)
        8    0.000    0.000    0.000    0.000 {built-in method _codecs.utf_8_decode}
       81    0.000    0.000    0.000    0.000 /workspace/personal/python/cs76/PA5/Sudoku.py:54(set)
        1    0.000    0.000    0.000    0.000 /usr/local/lib/python3.7/random.py:97(seed)
        3    0.000    0.000    0.000    0.000 /usr/local/lib/python3.7/_bootlocale.py:33(getpreferredencoding)
       81    0.000    0.000    0.000    0.000 /workspace/personal/python/cs76/PA5/Sudoku.py:47(get)
        1    0.000    0.000    0.000    0.000 /workspace/personal/python/cs76/PA5/Sudoku.py:17(__init__)
        1    0.000    0.000    0.000    0.000 /workspace/personal/python/cs76/PA5/Sudoku.py:23(<listcomp>)
        3    0.000    0.000    0.000    0.000 {built-in method _locale.nl_langinfo}
        1    0.000    0.000    0.000    0.000 {function Random.seed at 0x7fcd6088ad90}
        2    0.000    0.000    0.000    0.000 /usr/local/lib/python3.7/codecs.py:309(__init__)
        1    0.000    0.000    0.000    0.000 /workspace/personal/python/cs76/PA5/erratum.py:39(log_info)
        1    0.000    0.000    0.000    0.000 /usr/local/lib/python3.7/codecs.py:186(__init__)
        2    0.000    0.000    0.000    0.000 /usr/local/lib/python3.7/codecs.py:260(__init__)
        1    0.000    0.000    0.000    0.000 {method 'append' of 'list' objects}
        1    0.000    0.000    0.000    0.000 {built-in method builtins.isinstance}
        1    0.000    0.000    0.000    0.000 {method 'disable' of '_lsprof.Profiler' objects}
        1    0.000    0.000    0.000    0.000 /workspace/personal/python/cs76/PA5/TwoWayDict.py:21(__init__)



