['./solve_sudoku.py', 'rows.cnf']
Iterations: 0, satisfied = 2389, out of 3078 
Iterations: 1, satisfied = 2393, out of 3078 
Iterations: 2, satisfied = 2398, out of 3078 
Iterations: 3, satisfied = 2402, out of 3078 
Iterations: 4, satisfied = 2407, out of 3078 
Iterations: 5, satisfied = 2409, out of 3078 
Iterations: 6, satisfied = 2413, out of 3078 
Iterations: 7, satisfied = 2417, out of 3078 
Iterations: 8, satisfied = 2421, out of 3078 
Iterations: 9, satisfied = 2425, out of 3078 
Iterations: 10, satisfied = 2427, out of 3078 
Iterations: 11, satisfied = 2430, out of 3078 
Iterations: 12, satisfied = 2431, out of 3078 
Iterations: 13, satisfied = 2435, out of 3078 
Iterations: 14, satisfied = 2437, out of 3078 
Iterations: 15, satisfied = 2439, out of 3078 
Iterations: 16, satisfied = 2442, out of 3078 
Iterations: 17, satisfied = 2445, out of 3078 
Iterations: 18, satisfied = 2446, out of 3078 
Iterations: 19, satisfied = 2451, out of 3078 
Iterations: 20, satisfied = 2456, out of 3078 
Iterations: 21, satisfied = 2460, out of 3078 
Iterations: 22, satisfied = 2464, out of 3078 
Iterations: 23, satisfied = 2468, out of 3078 
Iterations: 24, satisfied = 2472, out of 3078 
Iterations: 25, satisfied = 2476, out of 3078 
Iterations: 26, satisfied = 2480, out of 3078 
Iterations: 27, satisfied = 2485, out of 3078 
Iterations: 28, satisfied = 2490, out of 3078 
Iterations: 29, satisfied = 2494, out of 3078 
Iterations: 30, satisfied = 2496, out of 3078 
Iterations: 31, satisfied = 2500, out of 3078 
Iterations: 32, satisfied = 2503, out of 3078 
Iterations: 33, satisfied = 2509, out of 3078 
Iterations: 34, satisfied = 2513, out of 3078 
Iterations: 35, satisfied = 2518, out of 3078 
Iterations: 36, satisfied = 2522, out of 3078 
Iterations: 37, satisfied = 2525, out of 3078 
Iterations: 38, satisfied = 2529, out of 3078 
Iterations: 39, satisfied = 2533, out of 3078 
Iterations: 40, satisfied = 2537, out of 3078 
Iterations: 41, satisfied = 2540, out of 3078 
Iterations: 42, satisfied = 2543, out of 3078 
Iterations: 43, satisfied = 2546, out of 3078 
Iterations: 44, satisfied = 2549, out of 3078 
Iterations: 45, satisfied = 2552, out of 3078 
Iterations: 46, satisfied = 2556, out of 3078 
Iterations: 47, satisfied = 2561, out of 3078 
Iterations: 48, satisfied = 2565, out of 3078 
Iterations: 49, satisfied = 2568, out of 3078 
Iterations: 50, satisfied = 2570, out of 3078 
Iterations: 51, satisfied = 2571, out of 3078 
Iterations: 52, satisfied = 2575, out of 3078 
Iterations: 53, satisfied = 2579, out of 3078 
Iterations: 54, satisfied = 2582, out of 3078 
Iterations: 55, satisfied = 2586, out of 3078 
Iterations: 56, satisfied = 2590, out of 3078 
Iterations: 57, satisfied = 2593, out of 3078 
Iterations: 58, satisfied = 2597, out of 3078 
Iterations: 59, satisfied = 2599, out of 3078 
Iterations: 60, satisfied = 2602, out of 3078 
Iterations: 61, satisfied = 2607, out of 3078 
Iterations: 62, satisfied = 2612, out of 3078 
Iterations: 63, satisfied = 2616, out of 3078 
Iterations: 64, satisfied = 2619, out of 3078 
Iterations: 65, satisfied = 2623, out of 3078 
Iterations: 66, satisfied = 2625, out of 3078 
Iterations: 67, satisfied = 2628, out of 3078 
Iterations: 68, satisfied = 2632, out of 3078 
Iterations: 69, satisfied = 2636, out of 3078 
Iterations: 70, satisfied = 2640, out of 3078 
Iterations: 71, satisfied = 2643, out of 3078 
Iterations: 72, satisfied = 2646, out of 3078 
Iterations: 73, satisfied = 2649, out of 3078 
Iterations: 74, satisfied = 2652, out of 3078 
Iterations: 75, satisfied = 2656, out of 3078 
Iterations: 76, satisfied = 2660, out of 3078 
Iterations: 77, satisfied = 2663, out of 3078 
Iterations: 78, satisfied = 2665, out of 3078 
Iterations: 79, satisfied = 2668, out of 3078 
Iterations: 80, satisfied = 2673, out of 3078 
Iterations: 81, satisfied = 2676, out of 3078 
Iterations: 82, satisfied = 2680, out of 3078 
Iterations: 83, satisfied = 2684, out of 3078 
Iterations: 84, satisfied = 2689, out of 3078 
Iterations: 85, satisfied = 2691, out of 3078 
Iterations: 86, satisfied = 2697, out of 3078 
Iterations: 87, satisfied = 2699, out of 3078 
Iterations: 88, satisfied = 2701, out of 3078 
Iterations: 89, satisfied = 2703, out of 3078 
Iterations: 90, satisfied = 2707, out of 3078 
Iterations: 91, satisfied = 2711, out of 3078 
Iterations: 92, satisfied = 2715, out of 3078 
Iterations: 93, satisfied = 2719, out of 3078 
Iterations: 94, satisfied = 2721, out of 3078 
Iterations: 95, satisfied = 2725, out of 3078 
Iterations: 96, satisfied = 2728, out of 3078 
Iterations: 97, satisfied = 2729, out of 3078 
Iterations: 98, satisfied = 2732, out of 3078 
Iterations: 99, satisfied = 2735, out of 3078 
Iterations: 100, satisfied = 2737, out of 3078 
Iterations: 101, satisfied = 2740, out of 3078 
Iterations: 102, satisfied = 2742, out of 3078 
Iterations: 103, satisfied = 2745, out of 3078 
Iterations: 104, satisfied = 2748, out of 3078 
Iterations: 105, satisfied = 2752, out of 3078 
Iterations: 106, satisfied = 2757, out of 3078 
Iterations: 107, satisfied = 2761, out of 3078 
Iterations: 108, satisfied = 2764, out of 3078 
Iterations: 109, satisfied = 2767, out of 3078 
Iterations: 110, satisfied = 2771, out of 3078 
Iterations: 111, satisfied = 2774, out of 3078 
Iterations: 112, satisfied = 2775, out of 3078 
Iterations: 113, satisfied = 2778, out of 3078 
Iterations: 114, satisfied = 2780, out of 3078 
Iterations: 115, satisfied = 2783, out of 3078 
Iterations: 116, satisfied = 2785, out of 3078 
Iterations: 117, satisfied = 2787, out of 3078 
Iterations: 118, satisfied = 2790, out of 3078 
Iterations: 119, satisfied = 2792, out of 3078 
Iterations: 120, satisfied = 2795, out of 3078 
Iterations: 121, satisfied = 2797, out of 3078 
Iterations: 122, satisfied = 2801, out of 3078 
Iterations: 123, satisfied = 2803, out of 3078 
Iterations: 124, satisfied = 2806, out of 3078 
Iterations: 125, satisfied = 2809, out of 3078 
Iterations: 126, satisfied = 2811, out of 3078 
Iterations: 127, satisfied = 2812, out of 3078 
Iterations: 128, satisfied = 2813, out of 3078 
Iterations: 129, satisfied = 2815, out of 3078 
Iterations: 130, satisfied = 2818, out of 3078 
Iterations: 131, satisfied = 2820, out of 3078 
Iterations: 132, satisfied = 2822, out of 3078 
Iterations: 133, satisfied = 2823, out of 3078 
Iterations: 134, satisfied = 2826, out of 3078 
Iterations: 135, satisfied = 2828, out of 3078 
Iterations: 136, satisfied = 2830, out of 3078 
Iterations: 137, satisfied = 2833, out of 3078 
Iterations: 138, satisfied = 2837, out of 3078 
Iterations: 139, satisfied = 2839, out of 3078 
Iterations: 140, satisfied = 2841, out of 3078 
Iterations: 141, satisfied = 2843, out of 3078 
Iterations: 142, satisfied = 2846, out of 3078 
Iterations: 143, satisfied = 2850, out of 3078 
Iterations: 144, satisfied = 2853, out of 3078 
Iterations: 145, satisfied = 2855, out of 3078 
Iterations: 146, satisfied = 2857, out of 3078 
Iterations: 147, satisfied = 2860, out of 3078 
Iterations: 148, satisfied = 2864, out of 3078 
Iterations: 149, satisfied = 2867, out of 3078 
Iterations: 150, satisfied = 2869, out of 3078 
Iterations: 151, satisfied = 2872, out of 3078 
Iterations: 152, satisfied = 2875, out of 3078 
Iterations: 153, satisfied = 2876, out of 3078 
Iterations: 154, satisfied = 2878, out of 3078 
Iterations: 155, satisfied = 2880, out of 3078 
Iterations: 156, satisfied = 2883, out of 3078 
Iterations: 157, satisfied = 2885, out of 3078 
Iterations: 158, satisfied = 2889, out of 3078 
Iterations: 159, satisfied = 2891, out of 3078 
Iterations: 160, satisfied = 2892, out of 3078 
Iterations: 161, satisfied = 2894, out of 3078 
Iterations: 162, satisfied = 2897, out of 3078 
Iterations: 163, satisfied = 2897, out of 3078 
Iterations: 164, satisfied = 2899, out of 3078 
Iterations: 165, satisfied = 2901, out of 3078 
Iterations: 166, satisfied = 2903, out of 3078 
Iterations: 167, satisfied = 2906, out of 3078 
Iterations: 168, satisfied = 2908, out of 3078 
Iterations: 169, satisfied = 2911, out of 3078 
Iterations: 170, satisfied = 2914, out of 3078 
Iterations: 171, satisfied = 2916, out of 3078 
Iterations: 172, satisfied = 2918, out of 3078 
Iterations: 173, satisfied = 2920, out of 3078 
Iterations: 174, satisfied = 2922, out of 3078 
Iterations: 175, satisfied = 2924, out of 3078 
Iterations: 176, satisfied = 2926, out of 3078 
Iterations: 177, satisfied = 2929, out of 3078 
Iterations: 178, satisfied = 2931, out of 3078 
Iterations: 179, satisfied = 2933, out of 3078 
Iterations: 180, satisfied = 2934, out of 3078 
Iterations: 181, satisfied = 2935, out of 3078 
Iterations: 182, satisfied = 2937, out of 3078 
Iterations: 183, satisfied = 2938, out of 3078 
Iterations: 184, satisfied = 2941, out of 3078 
Iterations: 185, satisfied = 2944, out of 3078 
Iterations: 186, satisfied = 2946, out of 3078 
Iterations: 187, satisfied = 2948, out of 3078 
Iterations: 188, satisfied = 2950, out of 3078 
Iterations: 189, satisfied = 2952, out of 3078 
Iterations: 190, satisfied = 2954, out of 3078 
Iterations: 191, satisfied = 2956, out of 3078 
Iterations: 192, satisfied = 2959, out of 3078 
Iterations: 193, satisfied = 2960, out of 3078 
Iterations: 194, satisfied = 2962, out of 3078 
Iterations: 195, satisfied = 2963, out of 3078 
Iterations: 196, satisfied = 2965, out of 3078 
Iterations: 197, satisfied = 2967, out of 3078 
Iterations: 198, satisfied = 2969, out of 3078 
Iterations: 199, satisfied = 2972, out of 3078 
Iterations: 200, satisfied = 2974, out of 3078 
Iterations: 201, satisfied = 2975, out of 3078 
Iterations: 202, satisfied = 2975, out of 3078 
Iterations: 203, satisfied = 2975, out of 3078 
Iterations: 204, satisfied = 2977, out of 3078 
Iterations: 205, satisfied = 2979, out of 3078 
Iterations: 206, satisfied = 2982, out of 3078 
Iterations: 207, satisfied = 2983, out of 3078 
Iterations: 208, satisfied = 2984, out of 3078 
Iterations: 209, satisfied = 2985, out of 3078 
Iterations: 210, satisfied = 2987, out of 3078 
Iterations: 211, satisfied = 2988, out of 3078 
Iterations: 212, satisfied = 2990, out of 3078 
Iterations: 213, satisfied = 2991, out of 3078 
Iterations: 214, satisfied = 2993, out of 3078 
Iterations: 215, satisfied = 2994, out of 3078 
Iterations: 216, satisfied = 2994, out of 3078 
Iterations: 217, satisfied = 2995, out of 3078 
Iterations: 218, satisfied = 2997, out of 3078 
Iterations: 219, satisfied = 2998, out of 3078 
Iterations: 220, satisfied = 3000, out of 3078 
Iterations: 221, satisfied = 3003, out of 3078 
Iterations: 222, satisfied = 3002, out of 3078 
Iterations: 223, satisfied = 3003, out of 3078 
Iterations: 224, satisfied = 3004, out of 3078 
Iterations: 225, satisfied = 3005, out of 3078 
Iterations: 226, satisfied = 3008, out of 3078 
Iterations: 227, satisfied = 3010, out of 3078 
Iterations: 228, satisfied = 3011, out of 3078 
Iterations: 229, satisfied = 3012, out of 3078 
Iterations: 230, satisfied = 3013, out of 3078 
Iterations: 231, satisfied = 3014, out of 3078 
Iterations: 232, satisfied = 3015, out of 3078 
Iterations: 233, satisfied = 3017, out of 3078 
Iterations: 234, satisfied = 3018, out of 3078 
Iterations: 235, satisfied = 3019, out of 3078 
Iterations: 236, satisfied = 3019, out of 3078 
Iterations: 237, satisfied = 3021, out of 3078 
Iterations: 238, satisfied = 3022, out of 3078 
Iterations: 239, satisfied = 3024, out of 3078 
Iterations: 240, satisfied = 3024, out of 3078 
Iterations: 241, satisfied = 3026, out of 3078 
Iterations: 242, satisfied = 3027, out of 3078 
Iterations: 243, satisfied = 3028, out of 3078 
Iterations: 244, satisfied = 3029, out of 3078 
Iterations: 245, satisfied = 3030, out of 3078 
Iterations: 246, satisfied = 3031, out of 3078 
Iterations: 247, satisfied = 3031, out of 3078 
Iterations: 248, satisfied = 3031, out of 3078 
Iterations: 249, satisfied = 3032, out of 3078 
Iterations: 250, satisfied = 3032, out of 3078 
Iterations: 251, satisfied = 3033, out of 3078 
Iterations: 252, satisfied = 3034, out of 3078 
Iterations: 253, satisfied = 3035, out of 3078 
Iterations: 254, satisfied = 3036, out of 3078 
Iterations: 255, satisfied = 3037, out of 3078 
Iterations: 256, satisfied = 3038, out of 3078 
Iterations: 257, satisfied = 3040, out of 3078 
Iterations: 258, satisfied = 3041, out of 3078 
Iterations: 259, satisfied = 3042, out of 3078 
Iterations: 260, satisfied = 3043, out of 3078 
Iterations: 261, satisfied = 3044, out of 3078 
Iterations: 262, satisfied = 3044, out of 3078 
Iterations: 263, satisfied = 3045, out of 3078 
Iterations: 264, satisfied = 3046, out of 3078 
Iterations: 265, satisfied = 3047, out of 3078 
Iterations: 266, satisfied = 3048, out of 3078 
Iterations: 267, satisfied = 3048, out of 3078 
Iterations: 268, satisfied = 3050, out of 3078 
Iterations: 269, satisfied = 3050, out of 3078 
Iterations: 270, satisfied = 3050, out of 3078 
Iterations: 271, satisfied = 3051, out of 3078 
Iterations: 272, satisfied = 3051, out of 3078 
Iterations: 273, satisfied = 3051, out of 3078 
Iterations: 274, satisfied = 3051, out of 3078 
Iterations: 275, satisfied = 3052, out of 3078 
Iterations: 276, satisfied = 3053, out of 3078 
Iterations: 277, satisfied = 3054, out of 3078 
Iterations: 278, satisfied = 3054, out of 3078 
Iterations: 279, satisfied = 3055, out of 3078 
Iterations: 280, satisfied = 3055, out of 3078 
Iterations: 281, satisfied = 3055, out of 3078 
Iterations: 282, satisfied = 3055, out of 3078 
Iterations: 283, satisfied = 3055, out of 3078 
Iterations: 284, satisfied = 3055, out of 3078 
Iterations: 285, satisfied = 3055, out of 3078 
Iterations: 286, satisfied = 3056, out of 3078 
Iterations: 287, satisfied = 3057, out of 3078 
Iterations: 288, satisfied = 3057, out of 3078 
Iterations: 289, satisfied = 3057, out of 3078 
Iterations: 290, satisfied = 3057, out of 3078 
Iterations: 291, satisfied = 3057, out of 3078 
Iterations: 292, satisfied = 3058, out of 3078 
Iterations: 293, satisfied = 3058, out of 3078 
Iterations: 294, satisfied = 3058, out of 3078 
Iterations: 295, satisfied = 3058, out of 3078 
Iterations: 296, satisfied = 3059, out of 3078 
Iterations: 297, satisfied = 3059, out of 3078 
Iterations: 298, satisfied = 3059, out of 3078 
Iterations: 299, satisfied = 3059, out of 3078 
Iterations: 300, satisfied = 3059, out of 3078 
Iterations: 301, satisfied = 3059, out of 3078 
Iterations: 302, satisfied = 3060, out of 3078 
Iterations: 303, satisfied = 3060, out of 3078 
Iterations: 304, satisfied = 3061, out of 3078 
Iterations: 305, satisfied = 3062, out of 3078 
Iterations: 306, satisfied = 3062, out of 3078 
Iterations: 307, satisfied = 3063, out of 3078 
Iterations: 308, satisfied = 3063, out of 3078 
Iterations: 309, satisfied = 3063, out of 3078 
Iterations: 310, satisfied = 3063, out of 3078 
Iterations: 311, satisfied = 3064, out of 3078 
Iterations: 312, satisfied = 3064, out of 3078 
Iterations: 313, satisfied = 3064, out of 3078 
Iterations: 314, satisfied = 3065, out of 3078 
Iterations: 315, satisfied = 3065, out of 3078 
Iterations: 316, satisfied = 3066, out of 3078 
Iterations: 317, satisfied = 3067, out of 3078 
Iterations: 318, satisfied = 3067, out of 3078 
Iterations: 319, satisfied = 3068, out of 3078 
Iterations: 320, satisfied = 3068, out of 3078 
Iterations: 321, satisfied = 3069, out of 3078 
Iterations: 322, satisfied = 3069, out of 3078 
Iterations: 323, satisfied = 3069, out of 3078 
Iterations: 324, satisfied = 3070, out of 3078 
Iterations: 325, satisfied = 3070, out of 3078 
Iterations: 326, satisfied = 3071, out of 3078 
Iterations: 327, satisfied = 3071, out of 3078 
Iterations: 328, satisfied = 3071, out of 3078 
Iterations: 329, satisfied = 3071, out of 3078 
Iterations: 330, satisfied = 3071, out of 3078 
Iterations: 331, satisfied = 3072, out of 3078 
Iterations: 332, satisfied = 3073, out of 3078 
Iterations: 333, satisfied = 3073, out of 3078 
Iterations: 334, satisfied = 3073, out of 3078 
Iterations: 335, satisfied = 3073, out of 3078 
Iterations: 336, satisfied = 3073, out of 3078 
Iterations: 337, satisfied = 3073, out of 3078 
Iterations: 338, satisfied = 3073, out of 3078 
Iterations: 339, satisfied = 3073, out of 3078 
Iterations: 340, satisfied = 3073, out of 3078 
Iterations: 341, satisfied = 3073, out of 3078 
Iterations: 342, satisfied = 3073, out of 3078 
Iterations: 343, satisfied = 3073, out of 3078 
Iterations: 344, satisfied = 3073, out of 3078 
Iterations: 345, satisfied = 3073, out of 3078 
Iterations: 346, satisfied = 3073, out of 3078 
Iterations: 347, satisfied = 3073, out of 3078 
Iterations: 348, satisfied = 3074, out of 3078 
Iterations: 349, satisfied = 3074, out of 3078 
Iterations: 350, satisfied = 3075, out of 3078 
Iterations: 351, satisfied = 3075, out of 3078 
Iterations: 352, satisfied = 3076, out of 3078 
Iterations: 353, satisfied = 3076, out of 3078 
Iterations: 354, satisfied = 3076, out of 3078 
Iterations: 355, satisfied = 3076, out of 3078 
Iterations: 356, satisfied = 3076, out of 3078 
Iterations: 357, satisfied = 3076, out of 3078 
Iterations: 358, satisfied = 3076, out of 3078 
Iterations: 359, satisfied = 3076, out of 3078 
Iterations: 360, satisfied = 3077, out of 3078 
Iterations: 361, satisfied = 3077, out of 3078 
Iterations: 362, satisfied = 3077, out of 3078 
Iterations: 363, satisfied = 3077, out of 3078 
Iterations: 364, satisfied = 3077, out of 3078 
Iterations: 365, satisfied = 3077, out of 3078 
Iterations: 366, satisfied = 3077, out of 3078 
Iterations: 367, satisfied = 3077, out of 3078 
Iterations: 368, satisfied = 3077, out of 3078 
Iterations: 369, satisfied = 3077, out of 3078 
Iterations: 370, satisfied = 3077, out of 3078 
Iterations: 371, satisfied = 3077, out of 3078 
Iterations: 372, satisfied = 3077, out of 3078 
Iterations: 373, satisfied = 3077, out of 3078 
Iterations: 374, satisfied = 3077, out of 3078 
Iterations: 375, satisfied = 3078, out of 3078 
Loaded Sudoku solution from file: rows.sol 
4 2 1 | 9 3 5 | 6 7 8 
7 5 4 | 9 6 2 | 1 8 3 
4 2 9 | 7 1 8 | 3 5 6 
---------------------
8 4 3 | 1 2 9 | 6 7 5 
6 7 5 | 8 1 2 | 9 3 4 
1 7 3 | 5 8 6 | 9 4 2 
---------------------
4 6 3 | 7 8 2 | 9 1 5 
4 3 7 | 2 8 1 | 9 6 5 
8 3 7 | 6 2 9 | 5 4 1 

         7877049 function calls in 6.260 seconds

   Ordered by: cumulative time

   ncalls  tottime  percall  cumtime  percall filename:lineno(function)
        1    0.000    0.000    6.260    6.260 ./solve_sudoku.py:39(test_walksat)
        1    0.007    0.007    6.245    6.245 /workspace/personal/python/cs76/PA5/SAT.py:194(walksat)
     1067    4.180    0.004    6.221    0.006 /workspace/personal/python/cs76/PA5/SAT.py:63(satisfied_clauses)
      251    0.005    0.000    3.958    0.016 /workspace/personal/python/cs76/PA5/SAT.py:129(walksat_highest_variable)
  4481435    1.178    0.000    1.178    0.000 /workspace/personal/python/cs76/PA5/TwoWayDict.py:39(__getitem__)
  3287679    0.848    0.000    0.848    0.000 {method 'split' of 'str' objects}
    82047    0.018    0.000    0.018    0.000 {method 'add' of 'set' objects}
        1    0.000    0.000    0.013    0.013 /workspace/personal/python/cs76/PA5/SAT.py:23(__init__)
        1    0.008    0.008    0.013    0.013 /workspace/personal/python/cs76/PA5/SAT.py:38(initialize)
      750    0.001    0.000    0.005    0.000 /usr/local/lib/python3.7/random.py:256(choice)
     1479    0.003    0.000    0.004    0.000 /usr/local/lib/python3.7/random.py:224(_randbelow)
      376    0.001    0.000    0.003    0.000 /workspace/personal/python/cs76/PA5/erratum.py:50(log_debug_info)
        1    0.000    0.000    0.003    0.003 /workspace/personal/python/cs76/PA5/SAT.py:58(random_assign)
      729    0.000    0.000    0.002    0.000 /usr/local/lib/python3.7/random.py:218(randint)
      379    0.002    0.000    0.002    0.000 {built-in method builtins.print}
     7290    0.002    0.000    0.002    0.000 /workspace/personal/python/cs76/PA5/TwoWayDict.py:77(__contains__)
     3893    0.002    0.000    0.002    0.000 {method 'replace' of 'str' objects}
      729    0.001    0.000    0.002    0.000 /usr/local/lib/python3.7/random.py:174(randrange)
     2810    0.001    0.000    0.001    0.000 {method 'getrandbits' of '_random.Random' objects}
        1    0.001    0.001    0.001    0.001 /workspace/personal/python/cs76/PA5/SAT.py:237(write_solution)
     1504    0.001    0.000    0.001    0.000 {built-in method builtins.len}
        1    0.000    0.000    0.001    0.001 /workspace/personal/python/cs76/PA5/display.py:4(display_sudoku_solution)
        1    0.000    0.000    0.000    0.000 /workspace/personal/python/cs76/PA5/Sudoku.py:65(read_solution)
     1479    0.000    0.000    0.000    0.000 {method 'bit_length' of 'int' objects}
      729    0.000    0.000    0.000    0.000 /workspace/personal/python/cs76/PA5/TwoWayDict.py:35(__setitem__)
      375    0.000    0.000    0.000    0.000 {method 'random' of '_random.Random' objects}
        3    0.000    0.000    0.000    0.000 {built-in method io.open}
      729    0.000    0.000    0.000    0.000 {method 'write' of '_io.TextIOWrapper' objects}
      729    0.000    0.000    0.000    0.000 /workspace/personal/python/cs76/PA5/TwoWayDict.py:45(get_key)
        3    0.000    0.000    0.000    0.000 {method 'close' of '_io.TextIOWrapper' objects}
      377    0.000    0.000    0.000    0.000 /workspace/personal/python/cs76/PA5/erratum.py:18(__text_color)
        1    0.000    0.000    0.000    0.000 /workspace/personal/python/cs76/PA5/Sudoku.py:101(__str__)
        8    0.000    0.000    0.000    0.000 /usr/local/lib/python3.7/codecs.py:319(decode)
        8    0.000    0.000    0.000    0.000 {built-in method _codecs.utf_8_decode}
       81    0.000    0.000    0.000    0.000 /workspace/personal/python/cs76/PA5/Sudoku.py:54(set)
        3    0.000    0.000    0.000    0.000 /usr/local/lib/python3.7/_bootlocale.py:33(getpreferredencoding)
       81    0.000    0.000    0.000    0.000 /workspace/personal/python/cs76/PA5/Sudoku.py:47(get)
        1    0.000    0.000    0.000    0.000 /workspace/personal/python/cs76/PA5/Sudoku.py:17(__init__)
        1    0.000    0.000    0.000    0.000 /usr/local/lib/python3.7/random.py:97(seed)
        3    0.000    0.000    0.000    0.000 {built-in method _locale.nl_langinfo}
        1    0.000    0.000    0.000    0.000 /workspace/personal/python/cs76/PA5/Sudoku.py:23(<listcomp>)
        2    0.000    0.000    0.000    0.000 /usr/local/lib/python3.7/codecs.py:309(__init__)
        1    0.000    0.000    0.000    0.000 {function Random.seed at 0x7f81f0f10d90}
        1    0.000    0.000    0.000    0.000 /workspace/personal/python/cs76/PA5/erratum.py:39(log_info)
        2    0.000    0.000    0.000    0.000 /usr/local/lib/python3.7/codecs.py:260(__init__)
        1    0.000    0.000    0.000    0.000 /usr/local/lib/python3.7/codecs.py:186(__init__)
        1    0.000    0.000    0.000    0.000 {built-in method builtins.isinstance}
        1    0.000    0.000    0.000    0.000 {method 'disable' of '_lsprof.Profiler' objects}
        1    0.000    0.000    0.000    0.000 /workspace/personal/python/cs76/PA5/TwoWayDict.py:21(__init__)
        1    0.000    0.000    0.000    0.000 {method 'append' of 'list' objects}



